2025/10/17 09:52:45 [notice] 1#1: using the "epoll" event method
2025/10/17 09:52:45 [notice] 1#1: nginx/1.29.2
2025/10/17 09:52:45 [notice] 1#1: built by gcc 14.2.0 (Alpine 14.2.0) 
2025/10/17 09:52:45 [notice] 1#1: OS: Linux 6.10.14-linuxkit
2025/10/17 09:52:45 [notice] 1#1: getrlimit(RLIMIT_NOFILE): 1048576:1048576
2025/10/17 09:52:45 [notice] 1#1: start worker processes
2025/10/17 09:52:45 [notice] 1#1: start worker process 29
2025/10/17 09:52:45 [notice] 1#1: start worker process 30
2025/10/17 09:52:45 [notice] 1#1: start worker process 31
2025/10/17 09:52:45 [notice] 1#1: start worker process 32
2025/10/17 09:52:45 [notice] 1#1: start worker process 33
2025/10/17 09:52:45 [notice] 1#1: start worker process 34
2025/10/17 09:52:45 [notice] 1#1: start worker process 35
2025/10/17 09:52:45 [notice] 1#1: start worker process 36
2025/10/17 09:53:05 [error] 29#29: *1 open() "/var/www/html/favicon.ico" failed (2: No such file or directory), client: 192.168.65.1, server: localhost, request: "GET /favicon.ico HTTP/1.1", host: "localhost:8080", referrer: "http://localhost:8080/"
2025/10/17 10:43:12 [notice] 1#1: signal 3 (SIGQUIT) received, shutting down
2025/10/17 10:43:12 [notice] 30#30: gracefully shutting down
2025/10/17 10:43:12 [notice] 29#29: gracefully shutting down
2025/10/17 10:43:12 [notice] 33#33: gracefully shutting down
2025/10/17 10:43:12 [notice] 36#36: gracefully shutting down
2025/10/17 10:43:12 [notice] 32#32: gracefully shutting down
2025/10/17 10:43:12 [notice] 36#36: exiting
2025/10/17 10:43:12 [notice] 34#34: gracefully shutting down
2025/10/17 10:43:12 [notice] 31#31: gracefully shutting down
2025/10/17 10:43:12 [notice] 34#34: exiting
2025/10/17 10:43:12 [notice] 30#30: exiting
2025/10/17 10:43:12 [notice] 35#35: gracefully shutting down
2025/10/17 10:43:12 [notice] 29#29: exiting
2025/10/17 10:43:12 [notice] 33#33: exiting
2025/10/17 10:43:12 [notice] 32#32: exiting
2025/10/17 10:43:12 [notice] 36#36: exit
2025/10/17 10:43:12 [notice] 32#32: exit
2025/10/17 10:43:12 [notice] 31#31: exiting
2025/10/17 10:43:12 [notice] 34#34: exit
2025/10/17 10:43:12 [notice] 31#31: exit
2025/10/17 10:43:12 [notice] 30#30: exit
2025/10/17 10:43:12 [notice] 35#35: exiting
2025/10/17 10:43:12 [notice] 29#29: exit
2025/10/17 10:43:12 [notice] 33#33: exit
2025/10/17 10:43:12 [notice] 35#35: exit
2025/10/17 10:43:12 [notice] 1#1: signal 17 (SIGCHLD) received from 35
2025/10/17 10:43:12 [notice] 1#1: worker process 35 exited with code 0
2025/10/17 10:43:12 [notice] 1#1: signal 29 (SIGIO) received
2025/10/17 10:43:12 [notice] 1#1: signal 17 (SIGCHLD) received from 29
2025/10/17 10:43:12 [notice] 1#1: worker process 29 exited with code 0
2025/10/17 10:43:12 [notice] 1#1: worker process 33 exited with code 0
2025/10/17 10:43:12 [notice] 1#1: worker process 34 exited with code 0
2025/10/17 10:43:12 [notice] 1#1: worker process 30 exited with code 0
2025/10/17 10:43:12 [notice] 1#1: worker process 31 exited with code 0
2025/10/17 10:43:12 [notice] 1#1: worker process 32 exited with code 0
2025/10/17 10:43:12 [notice] 1#1: worker process 36 exited with code 0
2025/10/17 10:43:12 [notice] 1#1: exit
2025/10/17 10:43:15 [notice] 1#1: using the "epoll" event method
2025/10/17 10:43:15 [notice] 1#1: nginx/1.29.2
2025/10/17 10:43:15 [notice] 1#1: built by gcc 14.2.0 (Alpine 14.2.0) 
2025/10/17 10:43:15 [notice] 1#1: OS: Linux 6.10.14-linuxkit
2025/10/17 10:43:15 [notice] 1#1: getrlimit(RLIMIT_NOFILE): 1048576:1048576
2025/10/17 10:43:15 [notice] 1#1: start worker processes
2025/10/17 10:43:15 [notice] 1#1: start worker process 29
2025/10/17 10:43:15 [notice] 1#1: start worker process 30
2025/10/17 10:43:15 [notice] 1#1: start worker process 31
2025/10/17 10:43:15 [notice] 1#1: start worker process 32
2025/10/17 10:43:15 [notice] 1#1: start worker process 33
2025/10/17 10:43:15 [notice] 1#1: start worker process 34
2025/10/17 10:43:15 [notice] 1#1: start worker process 35
2025/10/17 10:43:15 [notice] 1#1: start worker process 36
2025/10/17 10:57:31 [notice] 1#1: signal 3 (SIGQUIT) received, shutting down
2025/10/17 10:57:31 [notice] 29#29: gracefully shutting down
2025/10/17 10:57:31 [notice] 36#36: gracefully shutting down
2025/10/17 10:57:31 [notice] 30#30: gracefully shutting down
2025/10/17 10:57:31 [notice] 31#31: gracefully shutting down
2025/10/17 10:57:31 [notice] 32#32: gracefully shutting down
2025/10/17 10:57:31 [notice] 34#34: gracefully shutting down
2025/10/17 10:57:31 [notice] 33#33: gracefully shutting down
2025/10/17 10:57:31 [notice] 35#35: gracefully shutting down
2025/10/17 10:57:31 [notice] 29#29: exiting
2025/10/17 10:57:31 [notice] 33#33: exiting
2025/10/17 10:57:31 [notice] 36#36: exiting
2025/10/17 10:57:31 [notice] 30#30: exiting
2025/10/17 10:57:31 [notice] 31#31: exiting
2025/10/17 10:57:31 [notice] 32#32: exiting
2025/10/17 10:57:31 [notice] 34#34: exiting
2025/10/17 10:57:31 [notice] 35#35: exiting
2025/10/17 10:57:31 [notice] 29#29: exit
2025/10/17 10:57:31 [notice] 33#33: exit
2025/10/17 10:57:31 [notice] 36#36: exit
2025/10/17 10:57:31 [notice] 30#30: exit
2025/10/17 10:57:31 [notice] 31#31: exit
2025/10/17 10:57:31 [notice] 32#32: exit
2025/10/17 10:57:31 [notice] 34#34: exit
2025/10/17 10:57:31 [notice] 35#35: exit
2025/10/17 10:57:31 [notice] 1#1: signal 17 (SIGCHLD) received from 31
2025/10/17 10:57:31 [notice] 1#1: worker process 31 exited with code 0
2025/10/17 10:57:31 [notice] 1#1: signal 29 (SIGIO) received
2025/10/17 10:57:31 [notice] 1#1: signal 17 (SIGCHLD) received from 33
2025/10/17 14:28:25 [notice] 1#1: using the "epoll" event method
2025/10/17 14:28:25 [notice] 1#1: nginx/1.29.2
2025/10/17 14:28:25 [notice] 1#1: built by gcc 14.2.0 (Alpine 14.2.0) 
2025/10/17 14:28:25 [notice] 1#1: OS: Linux 6.10.14-linuxkit
2025/10/17 14:28:25 [notice] 1#1: getrlimit(RLIMIT_NOFILE): 1048576:1048576
2025/10/17 14:28:25 [notice] 1#1: start worker processes
2025/10/17 14:28:25 [notice] 1#1: start worker process 29
2025/10/17 14:28:25 [notice] 1#1: start worker process 30
2025/10/17 14:28:25 [notice] 1#1: start worker process 31
2025/10/17 14:28:25 [notice] 1#1: start worker process 32
2025/10/17 14:28:25 [notice] 1#1: start worker process 33
2025/10/17 14:28:25 [notice] 1#1: start worker process 34
2025/10/17 14:28:25 [notice] 1#1: start worker process 35
2025/10/17 14:28:25 [notice] 1#1: start worker process 36
2025/10/17 14:47:26 [error] 29#29: *2 open() "/var/www/html/favicon.ico" failed (2: No such file or directory), client: 192.168.65.1, server: localhost, request: "GET /favicon.ico HTTP/1.1", host: "localhost:8080", referrer: "http://localhost:8080/"
2025/10/17 14:54:30 [notice] 1#1: signal 3 (SIGQUIT) received, shutting down
2025/10/17 14:54:30 [notice] 30#30: gracefully shutting down
2025/10/17 14:54:30 [notice] 31#31: gracefully shutting down
2025/10/17 14:54:30 [notice] 29#29: gracefully shutting down
2025/10/17 14:54:30 [notice] 36#36: gracefully shutting down
2025/10/17 14:54:30 [notice] 33#33: gracefully shutting down
2025/10/17 14:54:30 [notice] 33#33: exiting
2025/10/17 14:54:30 [notice] 34#34: gracefully shutting down
2025/10/17 14:54:30 [notice] 35#35: gracefully shutting down
2025/10/17 14:54:30 [notice] 32#32: gracefully shutting down
2025/10/17 14:54:30 [notice] 30#30: exiting
2025/10/17 14:54:30 [notice] 31#31: exiting
2025/10/17 14:54:30 [notice] 30#30: exit
2025/10/17 14:54:30 [notice] 29#29: exiting
2025/10/17 14:54:30 [notice] 36#36: exiting
2025/10/17 14:54:30 [notice] 33#33: exit
2025/10/17 14:54:30 [notice] 34#34: exiting
2025/10/17 14:54:30 [notice] 35#35: exiting
2025/10/17 14:54:30 [notice] 34#34: exit
2025/10/17 14:54:30 [notice] 32#32: exiting
2025/10/17 14:54:30 [notice] 31#31: exit
2025/10/17 14:54:30 [notice] 29#29: exit
2025/10/17 14:54:30 [notice] 36#36: exit
2025/10/17 14:54:30 [notice] 35#35: exit
2025/10/17 14:54:30 [notice] 32#32: exit
2025/10/17 14:54:30 [notice] 1#1: signal 17 (SIGCHLD) received from 33
2025/10/17 14:54:30 [notice] 1#1: worker process 30 exited with code 0
2025/10/17 14:54:30 [notice] 1#1: worker process 33 exited with code 0
2025/10/17 14:54:30 [notice] 1#1: signal 29 (SIGIO) received
2025/10/17 14:54:30 [notice] 1#1: signal 17 (SIGCHLD) received from 34
2025/10/17 14:54:30 [notice] 1#1: worker process 29 exited with code 0
2025/10/17 14:54:30 [notice] 1#1: worker process 31 exited with code 0
2025/10/17 14:54:30 [notice] 1#1: worker process 32 exited with code 0
2025/10/17 14:54:30 [notice] 1#1: worker process 34 exited with code 0
2025/10/17 14:54:30 [notice] 1#1: worker process 35 exited with code 0
2025/10/17 14:54:30 [notice] 1#1: worker process 36 exited with code 0
2025/10/17 14:54:30 [notice] 1#1: exit
2025/10/17 14:57:51 [notice] 1#1: using the "epoll" event method
2025/10/17 14:57:51 [notice] 1#1: nginx/1.29.2
2025/10/17 14:57:51 [notice] 1#1: built by gcc 14.2.0 (Alpine 14.2.0) 
2025/10/17 14:57:51 [notice] 1#1: OS: Linux 6.10.14-linuxkit
2025/10/17 14:57:51 [notice] 1#1: getrlimit(RLIMIT_NOFILE): 1048576:1048576
2025/10/17 14:57:51 [notice] 1#1: start worker processes
2025/10/17 14:57:51 [notice] 1#1: start worker process 28
2025/10/17 14:57:51 [notice] 1#1: start worker process 29
2025/10/17 14:57:51 [notice] 1#1: start worker process 30
2025/10/17 14:57:51 [notice] 1#1: start worker process 31
2025/10/17 14:57:51 [notice] 1#1: start worker process 32
2025/10/17 14:57:51 [notice] 1#1: start worker process 33
2025/10/17 14:57:51 [notice] 1#1: start worker process 34
2025/10/17 14:57:51 [notice] 1#1: start worker process 35
2025/10/17 15:16:23 [notice] 1#1: signal 3 (SIGQUIT) received, shutting down
2025/10/17 15:16:23 [notice] 28#28: gracefully shutting down
2025/10/17 15:16:23 [notice] 35#35: gracefully shutting down
2025/10/17 15:16:23 [notice] 29#29: gracefully shutting down
2025/10/17 15:16:23 [notice] 31#31: gracefully shutting down
2025/10/17 15:16:23 [notice] 30#30: gracefully shutting down
2025/10/17 15:16:23 [notice] 34#34: gracefully shutting down
2025/10/17 15:16:23 [notice] 28#28: exiting
2025/10/17 15:16:23 [notice] 32#32: gracefully shutting down
2025/10/17 15:16:23 [notice] 32#32: exiting
2025/10/17 15:16:23 [notice] 33#33: gracefully shutting down
2025/10/17 15:16:23 [notice] 35#35: exiting
2025/10/17 15:16:23 [notice] 29#29: exiting
2025/10/17 15:16:23 [notice] 35#35: exit
2025/10/17 15:16:23 [notice] 31#31: exiting
2025/10/17 15:16:23 [notice] 30#30: exiting
2025/10/17 15:16:23 [notice] 34#34: exiting
2025/10/17 15:16:23 [notice] 28#28: exit
2025/10/17 15:16:23 [notice] 32#32: exit
2025/10/17 15:16:23 [notice] 33#33: exiting
2025/10/17 15:16:23 [notice] 29#29: exit
2025/10/17 15:16:23 [notice] 33#33: exit
2025/10/17 15:16:23 [notice] 31#31: exit
2025/10/17 15:16:23 [notice] 30#30: exit
2025/10/17 15:16:23 [notice] 34#34: exit
2025/10/17 15:16:23 [notice] 1#1: signal 17 (SIGCHLD) received from 32
2025/10/17 15:16:23 [notice] 1#1: worker process 32 exited with code 0
2025/10/17 15:16:23 [notice] 1#1: signal 29 (SIGIO) received
2025/10/17 15:16:23 [notice] 1#1: signal 17 (SIGCHLD) received from 34
2025/10/17 15:16:23 [notice] 1#1: worker process 28 exited with code 0
2025/10/17 15:16:23 [notice] 1#1: worker process 30 exited with code 0
2025/10/17 15:16:23 [notice] 1#1: worker process 29 exited with code 0
2025/10/17 15:16:23 [notice] 1#1: worker process 31 exited with code 0
2025/10/17 15:16:23 [notice] 1#1: worker process 33 exited with code 0
2025/10/17 15:16:23 [notice] 1#1: worker process 34 exited with code 0
2025/10/17 15:16:23 [notice] 1#1: worker process 35 exited with code 0
2025/10/17 15:16:23 [notice] 1#1: exit
2025/10/17 23:27:28 [notice] 1#1: using the "epoll" event method
2025/10/17 23:27:28 [notice] 1#1: nginx/1.29.2
2025/10/17 23:27:28 [notice] 1#1: built by gcc 14.2.0 (Alpine 14.2.0) 
2025/10/17 23:27:28 [notice] 1#1: OS: Linux 6.10.14-linuxkit
2025/10/17 23:27:28 [notice] 1#1: getrlimit(RLIMIT_NOFILE): 1048576:1048576
2025/10/17 23:27:28 [notice] 1#1: start worker processes
2025/10/17 23:27:28 [notice] 1#1: start worker process 29
2025/10/17 23:27:28 [notice] 1#1: start worker process 30
2025/10/17 23:27:28 [notice] 1#1: start worker process 31
2025/10/17 23:27:28 [notice] 1#1: start worker process 32
2025/10/17 23:27:28 [notice] 1#1: start worker process 33
2025/10/17 23:27:28 [notice] 1#1: start worker process 34
2025/10/17 23:27:28 [notice] 1#1: start worker process 35
2025/10/17 23:27:28 [notice] 1#1: start worker process 36
2025/10/17 23:44:25 [notice] 1#1: signal 3 (SIGQUIT) received, shutting down
2025/10/17 23:44:25 [notice] 29#29: gracefully shutting down
2025/10/17 23:44:25 [notice] 35#35: gracefully shutting down
2025/10/17 23:44:25 [notice] 32#32: gracefully shutting down
2025/10/17 23:44:25 [notice] 33#33: gracefully shutting down
2025/10/17 23:44:25 [notice] 34#34: gracefully shutting down
2025/10/17 23:44:25 [notice] 36#36: gracefully shutting down
2025/10/17 23:44:25 [notice] 36#36: exiting
2025/10/17 23:44:25 [notice] 31#31: gracefully shutting down
2025/10/17 23:44:25 [notice] 31#31: exiting
2025/10/17 23:44:25 [notice] 30#30: gracefully shutting down
2025/10/17 23:44:25 [notice] 29#29: exiting
2025/10/17 23:44:25 [notice] 35#35: exiting
2025/10/17 23:44:25 [notice] 29#29: exit
2025/10/17 23:44:25 [notice] 32#32: exiting
2025/10/17 23:44:25 [notice] 33#33: exiting
2025/10/17 23:44:25 [notice] 34#34: exiting
2025/10/17 23:44:25 [notice] 36#36: exit
2025/10/17 23:44:25 [notice] 31#31: exit
2025/10/17 23:44:25 [notice] 30#30: exiting
2025/10/17 23:44:25 [notice] 35#35: exit
2025/10/17 23:44:25 [notice] 30#30: exit
2025/10/17 23:44:25 [notice] 32#32: exit
2025/10/17 23:44:25 [notice] 33#33: exit
2025/10/17 23:44:25 [notice] 34#34: exit
2025/10/17 23:44:25 [notice] 1#1: signal 17 (SIGCHLD) received from 36
2025/10/17 23:44:25 [notice] 1#1: worker process 29 exited with code 0
2025/10/17 23:44:25 [notice] 1#1: worker process 31 exited with code 0
2025/10/17 23:44:25 [notice] 1#1: worker process 36 exited with code 0
2025/10/17 23:44:25 [notice] 1#1: signal 29 (SIGIO) received
2025/10/17 23:44:25 [notice] 1#1: signal 17 (SIGCHLD) received from 29
2025/10/17 23:44:25 [notice] 1#1: signal 17 (SIGCHLD) received from 34
2025/10/17 23:44:25 [notice] 1#1: worker process 30 exited with code 0
2025/10/17 23:44:25 [notice] 1#1: worker process 32 exited with code 0
2025/10/17 23:44:25 [notice] 1#1: worker process 34 exited with code 0
2025/10/17 23:44:25 [notice] 1#1: worker process 35 exited with code 0
2025/10/17 23:44:25 [notice] 1#1: signal 29 (SIGIO) received
2025/10/17 23:44:25 [notice] 1#1: signal 17 (SIGCHLD) received from 30
2025/10/17 23:44:25 [notice] 1#1: signal 17 (SIGCHLD) received from 33
2025/10/17 23:44:25 [notice] 1#1: worker process 33 exited with code 0
2025/10/17 23:44:25 [notice] 1#1: exit
2025/10/17 23:44:29 [notice] 1#1: using the "epoll" event method
2025/10/17 23:44:29 [notice] 1#1: nginx/1.29.2
2025/10/17 23:44:29 [notice] 1#1: built by gcc 14.2.0 (Alpine 14.2.0) 
2025/10/17 23:44:29 [notice] 1#1: OS: Linux 6.10.14-linuxkit
2025/10/17 23:44:29 [notice] 1#1: getrlimit(RLIMIT_NOFILE): 1048576:1048576
2025/10/17 23:44:29 [notice] 1#1: start worker processes
2025/10/17 23:44:29 [notice] 1#1: start worker process 29
2025/10/17 23:44:29 [notice] 1#1: start worker process 30
2025/10/17 23:44:29 [notice] 1#1: start worker process 31
2025/10/17 23:44:29 [notice] 1#1: start worker process 32
2025/10/17 23:44:29 [notice] 1#1: start worker process 33
2025/10/17 23:44:29 [notice] 1#1: start worker process 34
2025/10/17 23:44:29 [notice] 1#1: start worker process 35
2025/10/17 23:44:29 [notice] 1#1: start worker process 36
2025/10/17 23:51:59 [notice] 1#1: signal 3 (SIGQUIT) received, shutting down
2025/10/17 23:51:59 [notice] 30#30: gracefully shutting down
2025/10/17 23:51:59 [notice] 33#33: gracefully shutting down
2025/10/17 23:51:59 [notice] 29#29: gracefully shutting down
2025/10/17 23:51:59 [notice] 29#29: exiting
2025/10/17 23:51:59 [notice] 31#31: gracefully shutting down
2025/10/17 23:51:59 [notice] 31#31: exiting
2025/10/17 23:51:59 [notice] 36#36: gracefully shutting down
2025/10/17 23:51:59 [notice] 36#36: exiting
2025/10/17 23:51:59 [notice] 35#35: gracefully shutting down
2025/10/17 23:51:59 [notice] 36#36: exit
2025/10/17 23:51:59 [notice] 34#34: gracefully shutting down
2025/10/17 23:51:59 [notice] 30#30: exiting
2025/10/17 23:51:59 [notice] 32#32: gracefully shutting down
2025/10/17 23:51:59 [notice] 33#33: exiting
2025/10/17 23:51:59 [notice] 29#29: exit
2025/10/17 23:51:59 [notice] 31#31: exit
2025/10/17 23:51:59 [notice] 35#35: exiting
2025/10/17 23:51:59 [notice] 34#34: exiting
2025/10/17 23:51:59 [notice] 30#30: exit
2025/10/17 23:51:59 [notice] 33#33: exit
2025/10/17 23:51:59 [notice] 35#35: exit
2025/10/17 23:51:59 [notice] 34#34: exit
2025/10/17 23:51:59 [notice] 1#1: signal 17 (SIGCHLD) received from 36
2025/10/17 23:51:59 [notice] 1#1: worker process 34 exited with code 0
2025/10/17 23:51:59 [notice] 1#1: worker process 36 exited with code 0
2025/10/17 23:51:59 [notice] 1#1: signal 29 (SIGIO) received
2025/10/17 23:51:59 [notice] 1#1: signal 17 (SIGCHLD) received from 33
2025/10/17 23:51:59 [notice] 1#1: worker process 29 exited with code 0
2025/10/17 23:51:59 [notice] 1#1: worker process 31 exited with code 0
2025/10/17 23:51:59 [notice] 1#1: worker process 30 exited with code 0
2025/10/17 23:51:59 [notice] 1#1: worker process 33 exited with code 0
2025/10/17 23:51:59 [notice] 1#1: worker process 35 exited with code 0
2025/10/17 23:51:59 [notice] 1#1: signal 29 (SIGIO) received
2025/10/17 23:51:59 [notice] 1#1: signal 17 (SIGCHLD) received from 35
2025/10/17 23:52:15 [notice] 1#1: using the "epoll" event method
2025/10/17 23:52:15 [notice] 1#1: nginx/1.29.2
2025/10/17 23:52:15 [notice] 1#1: built by gcc 14.2.0 (Alpine 14.2.0) 
2025/10/17 23:52:15 [notice] 1#1: OS: Linux 6.10.14-linuxkit
2025/10/17 23:52:15 [notice] 1#1: getrlimit(RLIMIT_NOFILE): 1048576:1048576
2025/10/17 23:52:15 [notice] 1#1: start worker processes
2025/10/17 23:52:15 [notice] 1#1: start worker process 29
2025/10/17 23:52:15 [notice] 1#1: start worker process 30
2025/10/17 23:52:15 [notice] 1#1: start worker process 31
2025/10/17 23:52:15 [notice] 1#1: start worker process 32
2025/10/17 23:52:15 [notice] 1#1: start worker process 33
2025/10/17 23:52:15 [notice] 1#1: start worker process 34
2025/10/17 23:52:15 [notice] 1#1: start worker process 35
2025/10/17 23:52:15 [notice] 1#1: start worker process 36
2025/10/17 23:59:14 [notice] 1#1: signal 3 (SIGQUIT) received, shutting down
2025/10/17 23:59:14 [notice] 29#29: gracefully shutting down
2025/10/17 23:59:14 [notice] 34#34: gracefully shutting down
2025/10/17 23:59:14 [notice] 32#32: gracefully shutting down
2025/10/17 23:59:14 [notice] 31#31: gracefully shutting down
2025/10/17 23:59:14 [notice] 35#35: gracefully shutting down
2025/10/17 23:59:14 [notice] 35#35: exiting
2025/10/17 23:59:14 [notice] 36#36: gracefully shutting down
2025/10/17 23:59:14 [notice] 33#33: gracefully shutting down
2025/10/17 23:59:14 [notice] 30#30: gracefully shutting down
2025/10/17 23:59:14 [notice] 29#29: exiting
2025/10/17 23:59:14 [notice] 34#34: exiting
2025/10/17 23:59:14 [notice] 32#32: exiting
2025/10/17 23:59:14 [notice] 34#34: exit
2025/10/17 23:59:14 [notice] 31#31: exiting
2025/10/17 23:59:14 [notice] 35#35: exit
2025/10/17 23:59:14 [notice] 36#36: exiting
2025/10/17 23:59:14 [notice] 33#33: exiting
2025/10/17 23:59:14 [notice] 30#30: exiting
2025/10/17 23:59:14 [notice] 29#29: exit
2025/10/17 23:59:14 [notice] 30#30: exit
2025/10/17 23:59:14 [notice] 32#32: exit
2025/10/17 23:59:14 [notice] 31#31: exit
2025/10/17 23:59:14 [notice] 36#36: exit
2025/10/17 23:59:14 [notice] 33#33: exit
2025/10/17 23:59:14 [notice] 1#1: signal 17 (SIGCHLD) received from 33
2025/10/17 23:59:14 [notice] 1#1: worker process 29 exited with code 0
2025/10/17 23:59:14 [notice] 1#1: worker process 30 exited with code 0
2025/10/17 23:59:14 [notice] 1#1: worker process 31 exited with code 0
2025/10/17 23:59:14 [notice] 1#1: worker process 32 exited with code 0
2025/10/17 23:59:14 [notice] 1#1: worker process 33 exited with code 0
2025/10/17 23:59:14 [notice] 1#1: worker process 34 exited with code 0
2025/10/17 23:59:14 [notice] 1#1: worker process 35 exited with code 0
2025/10/17 23:59:14 [notice] 1#1: worker process 36 exited with code 0
2025/10/17 23:59:14 [notice] 1#1: exit
2025/10/18 00:00:20 [notice] 1#1: using the "epoll" event method
2025/10/18 00:00:20 [notice] 1#1: nginx/1.29.2
2025/10/18 00:00:20 [notice] 1#1: built by gcc 14.2.0 (Alpine 14.2.0) 
2025/10/18 00:00:20 [notice] 1#1: OS: Linux 6.10.14-linuxkit
2025/10/18 00:00:20 [notice] 1#1: getrlimit(RLIMIT_NOFILE): 1048576:1048576
2025/10/18 00:00:20 [notice] 1#1: start worker processes
2025/10/18 00:00:20 [notice] 1#1: start worker process 29
2025/10/18 00:00:20 [notice] 1#1: start worker process 30
2025/10/18 00:00:20 [notice] 1#1: start worker process 31
2025/10/18 00:00:20 [notice] 1#1: start worker process 32
2025/10/18 00:00:20 [notice] 1#1: start worker process 33
2025/10/18 00:00:20 [notice] 1#1: start worker process 34
2025/10/18 00:00:20 [notice] 1#1: start worker process 35
2025/10/18 00:00:20 [notice] 1#1: start worker process 36
2025/10/18 00:04:24 [notice] 1#1: signal 3 (SIGQUIT) received, shutting down
2025/10/18 00:04:24 [notice] 30#30: gracefully shutting down
2025/10/18 00:04:24 [notice] 33#33: gracefully shutting down
2025/10/18 00:04:24 [notice] 31#31: gracefully shutting down
2025/10/18 00:04:24 [notice] 29#29: gracefully shutting down
2025/10/18 00:04:24 [notice] 29#29: exiting
2025/10/18 00:04:24 [notice] 34#34: gracefully shutting down
2025/10/18 00:04:24 [notice] 34#34: exiting
2025/10/18 00:04:24 [notice] 36#36: gracefully shutting down
2025/10/18 00:04:24 [notice] 34#34: exit
2025/10/18 00:04:24 [notice] 32#32: gracefully shutting down
2025/10/18 00:04:24 [notice] 35#35: gracefully shutting down
2025/10/18 00:04:24 [notice] 30#30: exiting
2025/10/18 00:04:24 [notice] 33#33: exiting
2025/10/18 00:04:24 [notice] 31#31: exiting
2025/10/18 00:04:24 [notice] 29#29: exit
2025/10/18 00:04:24 [notice] 36#36: exiting
2025/10/18 00:04:24 [notice] 32#32: exiting
2025/10/18 00:04:24 [notice] 36#36: exit
2025/10/18 00:04:24 [notice] 35#35: exiting
2025/10/18 00:04:24 [notice] 30#30: exit
2025/10/18 00:04:24 [notice] 33#33: exit
2025/10/18 00:04:24 [notice] 31#31: exit
2025/10/18 00:04:24 [notice] 32#32: exit
2025/10/18 00:04:24 [notice] 35#35: exit
2025/10/18 00:04:24 [notice] 1#1: signal 17 (SIGCHLD) received from 29
2025/10/18 00:04:24 [notice] 1#1: worker process 29 exited with code 0
2025/10/18 00:04:24 [notice] 1#1: worker process 30 exited with code 0
2025/10/18 00:04:24 [notice] 1#1: worker process 32 exited with code 0
2025/10/18 00:04:24 [notice] 1#1: worker process 33 exited with code 0
2025/10/18 00:04:24 [notice] 1#1: worker process 36 exited with code 0
2025/10/18 00:04:24 [notice] 1#1: signal 29 (SIGIO) received
2025/10/18 00:04:24 [notice] 1#1: signal 17 (SIGCHLD) received from 36
2025/10/18 00:04:24 [notice] 1#1: signal 17 (SIGCHLD) received from 31
2025/10/18 00:04:24 [notice] 1#1: worker process 31 exited with code 0
2025/10/18 00:04:24 [notice] 1#1: worker process 34 exited with code 0
2025/10/18 00:04:24 [notice] 1#1: worker process 35 exited with code 0
2025/10/18 00:04:24 [notice] 1#1: exit
2025/10/18 00:05:59 [notice] 1#1: using the "epoll" event method
2025/10/18 00:05:59 [notice] 1#1: nginx/1.29.2
2025/10/18 00:05:59 [notice] 1#1: built by gcc 14.2.0 (Alpine 14.2.0) 
2025/10/18 00:05:59 [notice] 1#1: OS: Linux 6.10.14-linuxkit
2025/10/18 00:05:59 [notice] 1#1: getrlimit(RLIMIT_NOFILE): 1048576:1048576
2025/10/18 00:05:59 [notice] 1#1: start worker processes
2025/10/18 00:05:59 [notice] 1#1: start worker process 29
2025/10/18 00:05:59 [notice] 1#1: start worker process 30
2025/10/18 00:05:59 [notice] 1#1: start worker process 31
2025/10/18 00:05:59 [notice] 1#1: start worker process 32
2025/10/18 00:05:59 [notice] 1#1: start worker process 33
2025/10/18 00:05:59 [notice] 1#1: start worker process 34
2025/10/18 00:05:59 [notice] 1#1: start worker process 35
2025/10/18 00:05:59 [notice] 1#1: start worker process 36
2025/10/18 00:07:32 [notice] 1#1: signal 3 (SIGQUIT) received, shutting down
2025/10/18 00:07:32 [notice] 30#30: gracefully shutting down
2025/10/18 00:07:32 [notice] 30#30: exiting
2025/10/18 00:07:32 [notice] 31#31: gracefully shutting down
2025/10/18 00:07:32 [notice] 29#29: gracefully shutting down
2025/10/18 00:07:32 [notice] 29#29: exiting
2025/10/18 00:07:32 [notice] 36#36: gracefully shutting down
2025/10/18 00:07:32 [notice] 33#33: gracefully shutting down
2025/10/18 00:07:32 [notice] 34#34: gracefully shutting down
2025/10/18 00:07:32 [notice] 32#32: gracefully shutting down
2025/10/18 00:07:32 [notice] 35#35: gracefully shutting down
2025/10/18 00:07:32 [notice] 30#30: exit
2025/10/18 00:07:32 [notice] 31#31: exiting
2025/10/18 00:07:32 [notice] 31#31: exit
2025/10/18 00:07:32 [notice] 29#29: exit
2025/10/18 00:07:32 [notice] 36#36: exiting
2025/10/18 00:07:32 [notice] 33#33: exiting
2025/10/18 00:07:32 [notice] 34#34: exiting
2025/10/18 00:07:32 [notice] 32#32: exiting
2025/10/18 00:07:32 [notice] 35#35: exiting
2025/10/18 00:07:32 [notice] 36#36: exit
2025/10/18 00:07:32 [notice] 33#33: exit
2025/10/18 00:07:32 [notice] 34#34: exit
2025/10/18 00:07:32 [notice] 32#32: exit
2025/10/18 00:07:32 [notice] 35#35: exit
2025/10/18 00:07:32 [notice] 1#1: signal 17 (SIGCHLD) received from 31
2025/10/18 00:07:32 [notice] 1#1: worker process 30 exited with code 0
2025/10/18 00:07:32 [notice] 1#1: worker process 29 exited with code 0
2025/10/18 00:07:32 [notice] 1#1: worker process 31 exited with code 0
2025/10/18 00:07:32 [notice] 1#1: signal 29 (SIGIO) received
2025/10/18 00:07:32 [notice] 1#1: signal 17 (SIGCHLD) received from 29
2025/10/18 00:07:32 [notice] 1#1: signal 17 (SIGCHLD) received from 35
2025/10/18 00:07:32 [notice] 1#1: worker process 32 exited with code 0
2025/10/18 00:07:32 [notice] 1#1: worker process 33 exited with code 0
2025/10/18 00:07:32 [notice] 1#1: worker process 34 exited with code 0
2025/10/18 00:07:32 [notice] 1#1: worker process 35 exited with code 0
2025/10/18 00:07:32 [notice] 1#1: worker process 36 exited with code 0
2025/10/18 00:07:32 [notice] 1#1: exit
2025/10/18 00:07:46 [notice] 1#1: using the "epoll" event method
2025/10/18 00:07:46 [notice] 1#1: nginx/1.29.2
2025/10/18 00:07:46 [notice] 1#1: built by gcc 14.2.0 (Alpine 14.2.0) 
2025/10/18 00:07:46 [notice] 1#1: OS: Linux 6.10.14-linuxkit
2025/10/18 00:07:46 [notice] 1#1: getrlimit(RLIMIT_NOFILE): 1048576:1048576
2025/10/18 00:07:46 [notice] 1#1: start worker processes
2025/10/18 00:07:46 [notice] 1#1: start worker process 28
2025/10/18 00:07:46 [notice] 1#1: start worker process 29
2025/10/18 00:07:46 [notice] 1#1: start worker process 30
2025/10/18 00:07:46 [notice] 1#1: start worker process 31
2025/10/18 00:07:46 [notice] 1#1: start worker process 32
2025/10/18 00:07:46 [notice] 1#1: start worker process 33
2025/10/18 00:07:46 [notice] 1#1: start worker process 34
2025/10/18 00:07:46 [notice] 1#1: start worker process 35
2025/10/18 00:13:25 [notice] 1#1: signal 3 (SIGQUIT) received, shutting down
2025/10/18 00:13:25 [notice] 28#28: gracefully shutting down
2025/10/18 00:13:25 [notice] 29#29: gracefully shutting down
2025/10/18 00:13:25 [notice] 33#33: gracefully shutting down
2025/10/18 00:13:25 [notice] 33#33: exiting
2025/10/18 00:13:25 [notice] 34#34: gracefully shutting down
2025/10/18 00:13:25 [notice] 34#34: exiting
2025/10/18 00:13:25 [notice] 35#35: gracefully shutting down
2025/10/18 00:13:25 [notice] 34#34: exit
2025/10/18 00:13:25 [notice] 30#30: gracefully shutting down
2025/10/18 00:13:25 [notice] 31#31: gracefully shutting down
2025/10/18 00:13:25 [notice] 32#32: gracefully shutting down
2025/10/18 00:13:25 [notice] 28#28: exiting
2025/10/18 00:13:25 [notice] 29#29: exiting
2025/10/18 00:13:25 [notice] 33#33: exit
2025/10/18 00:13:25 [notice] 35#35: exiting
2025/10/18 00:13:25 [notice] 30#30: exiting
2025/10/18 00:13:25 [notice] 35#35: exit
2025/10/18 00:13:25 [notice] 31#31: exiting
2025/10/18 00:13:25 [notice] 32#32: exiting
2025/10/18 00:13:25 [notice] 28#28: exit
2025/10/18 00:13:25 [notice] 32#32: exit
2025/10/18 00:13:25 [notice] 29#29: exit
2025/10/18 00:13:25 [notice] 30#30: exit
2025/10/18 00:13:25 [notice] 31#31: exit
2025/10/18 00:13:25 [notice] 1#1: signal 17 (SIGCHLD) received from 32
2025/10/18 00:13:25 [notice] 1#1: worker process 28 exited with code 0
2025/10/18 00:13:25 [notice] 1#1: worker process 29 exited with code 0
2025/10/18 00:13:25 [notice] 1#1: worker process 30 exited with code 0
2025/10/18 00:13:25 [notice] 1#1: worker process 31 exited with code 0
2025/10/18 00:13:25 [notice] 1#1: worker process 32 exited with code 0
2025/10/18 00:13:25 [notice] 1#1: worker process 33 exited with code 0
2025/10/18 00:13:25 [notice] 1#1: worker process 34 exited with code 0
2025/10/18 00:13:25 [notice] 1#1: worker process 35 exited with code 0
2025/10/18 00:13:25 [notice] 1#1: exit
2025/10/18 00:17:45 [notice] 1#1: using the "epoll" event method
2025/10/18 00:17:45 [notice] 1#1: nginx/1.29.2
2025/10/18 00:17:45 [notice] 1#1: built by gcc 14.2.0 (Alpine 14.2.0) 
2025/10/18 00:17:45 [notice] 1#1: OS: Linux 6.10.14-linuxkit
2025/10/18 00:17:45 [notice] 1#1: getrlimit(RLIMIT_NOFILE): 1048576:1048576
2025/10/18 00:17:45 [notice] 1#1: start worker processes
2025/10/18 00:17:45 [notice] 1#1: start worker process 29
2025/10/18 00:17:45 [notice] 1#1: start worker process 30
2025/10/18 00:17:45 [notice] 1#1: start worker process 31
2025/10/18 00:17:45 [notice] 1#1: start worker process 32
2025/10/18 00:17:45 [notice] 1#1: start worker process 33
2025/10/18 00:17:45 [notice] 1#1: start worker process 34
2025/10/18 00:17:45 [notice] 1#1: start worker process 35
2025/10/18 00:17:45 [notice] 1#1: start worker process 36
2025/10/18 00:24:52 [notice] 1#1: signal 3 (SIGQUIT) received, shutting down
2025/10/18 00:24:52 [notice] 30#30: gracefully shutting down
2025/10/18 00:24:52 [notice] 32#32: gracefully shutting down
2025/10/18 00:24:52 [notice] 32#32: exiting
2025/10/18 00:24:52 [notice] 29#29: gracefully shutting down
2025/10/18 00:24:52 [notice] 29#29: exiting
2025/10/18 00:24:52 [notice] 35#35: gracefully shutting down
2025/10/18 00:24:52 [notice] 35#35: exiting
2025/10/18 00:24:52 [notice] 36#36: gracefully shutting down
2025/10/18 00:24:52 [notice] 35#35: exit
2025/10/18 00:24:52 [notice] 33#33: gracefully shutting down
2025/10/18 00:24:52 [notice] 34#34: gracefully shutting down
2025/10/18 00:24:52 [notice] 31#31: gracefully shutting down
2025/10/18 00:24:52 [notice] 30#30: exiting
2025/10/18 00:24:52 [notice] 32#32: exit
2025/10/18 00:24:52 [notice] 29#29: exit
2025/10/18 00:24:52 [notice] 36#36: exiting
2025/10/18 00:24:52 [notice] 33#33: exiting
2025/10/18 00:24:52 [notice] 34#34: exiting
2025/10/18 00:24:52 [notice] 31#31: exiting
2025/10/18 00:24:52 [notice] 30#30: exit
2025/10/18 00:24:52 [notice] 31#31: exit
2025/10/18 00:24:52 [notice] 36#36: exit
2025/10/18 00:24:52 [notice] 33#33: exit
2025/10/18 00:24:52 [notice] 34#34: exit
2025/10/18 00:24:52 [notice] 1#1: signal 17 (SIGCHLD) received from 33
2025/10/18 00:24:52 [notice] 1#1: worker process 30 exited with code 0
2025/10/18 00:24:52 [notice] 1#1: worker process 33 exited with code 0
2025/10/18 00:24:52 [notice] 1#1: signal 29 (SIGIO) received
2025/10/18 00:24:52 [notice] 1#1: signal 17 (SIGCHLD) received from 30
2025/10/18 00:24:52 [notice] 1#1: signal 17 (SIGCHLD) received from 31
2025/10/18 00:24:52 [notice] 1#1: worker process 31 exited with code 0
2025/10/18 00:24:52 [notice] 1#1: worker process 32 exited with code 0
2025/10/18 00:24:52 [notice] 1#1: worker process 29 exited with code 0
2025/10/18 00:24:52 [notice] 1#1: worker process 34 exited with code 0
2025/10/18 00:24:52 [notice] 1#1: worker process 35 exited with code 0
2025/10/18 00:24:52 [notice] 1#1: worker process 36 exited with code 0
2025/10/18 00:24:52 [notice] 1#1: exit
2025/10/18 00:25:00 [notice] 1#1: using the "epoll" event method
2025/10/18 00:25:00 [notice] 1#1: nginx/1.29.2
2025/10/18 00:25:00 [notice] 1#1: built by gcc 14.2.0 (Alpine 14.2.0) 
2025/10/18 00:25:00 [notice] 1#1: OS: Linux 6.10.14-linuxkit
2025/10/18 00:25:00 [notice] 1#1: getrlimit(RLIMIT_NOFILE): 1048576:1048576
2025/10/18 00:25:00 [notice] 1#1: start worker processes
2025/10/18 00:25:00 [notice] 1#1: start worker process 29
2025/10/18 00:25:00 [notice] 1#1: start worker process 30
2025/10/18 00:25:00 [notice] 1#1: start worker process 31
2025/10/18 00:25:00 [notice] 1#1: start worker process 32
2025/10/18 00:25:00 [notice] 1#1: start worker process 33
2025/10/18 00:25:00 [notice] 1#1: start worker process 34
2025/10/18 00:25:00 [notice] 1#1: start worker process 35
2025/10/18 00:25:00 [notice] 1#1: start worker process 36
2025/10/23 05:34:34 [notice] 1#1: using the "epoll" event method
2025/10/23 05:34:34 [notice] 1#1: nginx/1.29.2
2025/10/23 05:34:34 [notice] 1#1: built by gcc 14.2.0 (Alpine 14.2.0) 
2025/10/23 05:34:34 [notice] 1#1: OS: Linux 6.10.14-linuxkit
2025/10/23 05:34:34 [notice] 1#1: getrlimit(RLIMIT_NOFILE): 1048576:1048576
2025/10/23 05:34:34 [notice] 1#1: start worker processes
2025/10/23 05:34:34 [notice] 1#1: start worker process 29
2025/10/23 05:34:34 [notice] 1#1: start worker process 30
2025/10/23 05:34:34 [notice] 1#1: start worker process 31
2025/10/23 05:34:34 [notice] 1#1: start worker process 32
2025/10/23 05:34:34 [notice] 1#1: start worker process 33
2025/10/23 05:34:34 [notice] 1#1: start worker process 34
2025/10/23 05:34:34 [notice] 1#1: start worker process 35
2025/10/23 05:34:34 [notice] 1#1: start worker process 36
2025/10/23 05:35:29 [error] 32#32: *3 directory index of "/var/www/html/" is forbidden, client: 192.168.65.1, server: localhost, request: "GET / HTTP/1.1", host: "localhost:8080"
2025/10/23 14:29:55 [notice] 1#1: using the "epoll" event method
2025/10/23 14:29:55 [notice] 1#1: nginx/1.29.2
2025/10/23 14:29:55 [notice] 1#1: built by gcc 14.2.0 (Alpine 14.2.0) 
2025/10/23 14:29:55 [notice] 1#1: OS: Linux 6.10.14-linuxkit
2025/10/23 14:29:55 [notice] 1#1: getrlimit(RLIMIT_NOFILE): 1048576:1048576
2025/10/23 14:29:55 [notice] 1#1: start worker processes
2025/10/23 14:29:55 [notice] 1#1: start worker process 29
2025/10/23 14:29:55 [notice] 1#1: start worker process 30
2025/10/23 14:29:55 [notice] 1#1: start worker process 31
2025/10/23 14:29:55 [notice] 1#1: start worker process 32
2025/10/23 14:29:55 [notice] 1#1: start worker process 33
2025/10/23 14:29:55 [notice] 1#1: start worker process 34
2025/10/23 14:29:55 [notice] 1#1: start worker process 35
2025/10/23 14:29:55 [notice] 1#1: start worker process 36
2025/10/24 06:07:10 [notice] 1#1: using the "epoll" event method
2025/10/24 06:07:10 [notice] 1#1: nginx/1.29.2
2025/10/24 06:07:10 [notice] 1#1: built by gcc 14.2.0 (Alpine 14.2.0) 
2025/10/24 06:07:10 [notice] 1#1: OS: Linux 6.10.14-linuxkit
2025/10/24 06:07:10 [notice] 1#1: getrlimit(RLIMIT_NOFILE): 1048576:1048576
2025/10/24 06:07:10 [notice] 1#1: start worker processes
2025/10/24 06:07:10 [notice] 1#1: start worker process 29
2025/10/24 06:07:10 [notice] 1#1: start worker process 30
2025/10/24 06:07:10 [notice] 1#1: start worker process 31
2025/10/24 06:07:10 [notice] 1#1: start worker process 32
2025/10/24 06:07:10 [notice] 1#1: start worker process 33
2025/10/24 06:07:10 [notice] 1#1: start worker process 34
2025/10/24 06:07:10 [notice] 1#1: start worker process 35
2025/10/24 06:07:10 [notice] 1#1: start worker process 36
2025/10/24 15:13:05 [notice] 1#1: using the "epoll" event method
2025/10/24 15:13:05 [notice] 1#1: nginx/1.29.2
2025/10/24 15:13:05 [notice] 1#1: built by gcc 14.2.0 (Alpine 14.2.0) 
2025/10/24 15:13:05 [notice] 1#1: OS: Linux 6.10.14-linuxkit
2025/10/24 15:13:05 [notice] 1#1: getrlimit(RLIMIT_NOFILE): 1048576:1048576
2025/10/24 15:13:05 [notice] 1#1: start worker processes
2025/10/24 15:13:05 [notice] 1#1: start worker process 29
2025/10/24 15:13:05 [notice] 1#1: start worker process 30
2025/10/24 15:13:05 [notice] 1#1: start worker process 31
2025/10/24 15:13:05 [notice] 1#1: start worker process 32
2025/10/24 15:13:05 [notice] 1#1: start worker process 33
2025/10/24 15:13:05 [notice] 1#1: start worker process 34
2025/10/24 15:13:05 [notice] 1#1: start worker process 35
2025/10/24 15:13:05 [notice] 1#1: start worker process 36
